<?xml version="1.0" encoding="UTF-8"?>
<!-- Generated by org.testng.reporters.JUnitXMLReporter -->
<testsuite hostname="DESKTOP-49UG9O8" ignored="0" name="Command line test" tests="25" failures="2" timestamp="2023-05-01T20:22:34 EET" time="11.569" errors="0">
  <testcase name="createCountry" time="1.061" classname="Campus.CountryTest"/>
  <testcase name="createCountryNegative" time="0.376" classname="Campus.CountryTest"/>
  <testcase name="updateCountry" time="0.36" classname="Campus.CountryTest">
    <failure type="java.lang.AssertionError" message="1 expectation failed.
Expected status code &amp;lt;200&amp;gt; but was &amp;lt;400&amp;gt;.
">
      <![CDATA[java.lang.AssertionError: 1 expectation failed.
Expected status code <200> but was <400>.

at org.codehaus.groovy.runtime.callsite.ConstructorSite$ConstructorSiteNoUnwrap.callConstructor(ConstructorSite.java:86)
at org.codehaus.groovy.runtime.callsite.CallSiteArray.defaultCallConstructor(CallSiteArray.java:58)
at org.codehaus.groovy.runtime.callsite.AbstractCallSite.callConstructor(AbstractCallSite.java:263)
at org.codehaus.groovy.runtime.callsite.AbstractCallSite.callConstructor(AbstractCallSite.java:277)
at io.restassured.internal.ResponseSpecificationImpl$HamcrestAssertionClosure.validate(ResponseSpecificationImpl.groovy:512)
at io.restassured.internal.ResponseSpecificationImpl$HamcrestAssertionClosure$validate$1.call(Unknown Source)
at io.restassured.internal.ResponseSpecificationImpl.validateResponseIfRequired(ResponseSpecificationImpl.groovy:696)
at io.restassured.internal.ResponseSpecificationImpl.this$2$validateResponseIfRequired(ResponseSpecificationImpl.groovy)
at org.codehaus.groovy.runtime.callsite.PlainObjectMetaMethodSite.doInvoke(PlainObjectMetaMethodSite.java:43)
at org.codehaus.groovy.runtime.callsite.PogoMetaMethodSite$PogoCachedMethodSiteNoUnwrapNoCoerce.invoke(PogoMetaMethodSite.java:198)
at org.codehaus.groovy.runtime.callsite.PogoMetaMethodSite.callCurrent(PogoMetaMethodSite.java:62)
at org.codehaus.groovy.runtime.callsite.AbstractCallSite.callCurrent(AbstractCallSite.java:185)
at io.restassured.internal.ResponseSpecificationImpl.statusCode(ResponseSpecificationImpl.groovy:135)
at io.restassured.specification.ResponseSpecification$statusCode$0.callCurrent(Unknown Source)
at io.restassured.internal.ResponseSpecificationImpl.statusCode(ResponseSpecificationImpl.groovy:143)
at io.restassured.internal.ValidatableResponseOptionsImpl.statusCode(ValidatableResponseOptionsImpl.java:89)
at Campus.CountryTest.updateCountry(CountryTest.java:144)
at java.util.ArrayList.forEach(ArrayList.java:1259)
... Removed 47 stack frames]]>
    </failure>
  </testcase> <!-- updateCountry -->
  <testcase name="deleteCountry" time="0.0" classname="Campus.CountryTest">
    <skipped/>
  </testcase> <!-- deleteCountry -->
  <testcase name="deleteCountryNegative" time="0.0" classname="Campus.CountryTest">
    <skipped/>
  </testcase> <!-- deleteCountryNegative -->
  <testcase name="bodyArrayHasSizeTest" time="0.267" classname="ZippoTest"/>
  <testcase name="checkCountryInResponseBody" time="0.207" classname="ZippoTest"/>
  <testcase name="checkHasItemy" time="0.232" classname="ZippoTest"/>
  <testcase name="checkStateInResponseBody" time="0.242" classname="ZippoTest"/>
  <testcase name="combiningTest" time="0.224" classname="ZippoTest"/>
  <testcase name="contentTypeTest" time="0.202" classname="ZippoTest"/>
  <testcase name="extractJsonAll_POJO" time="0.26" classname="ZippoTest"/>
  <testcase name="extractPOJO_Soru" time="0.208" classname="ZippoTest"/>
  <testcase name="extractingJsonPath" time="0.198" classname="ZippoTest"/>
  <testcase name="extractingJsonPath1" time="0.198" classname="ZippoTest"/>
  <testcase name="extractingJsonPath2" time="0.399" classname="ZippoTest"/>
  <testcase name="extractingJsonPath3" time="0.298" classname="ZippoTest"/>
  <testcase name="extractingJsonPath4" time="0.285" classname="ZippoTest"/>
  <testcase name="extractingJsonPathResponsAll" time="0.283" classname="ZippoTest">
    <failure type="java.lang.AssertionError" message="expected [true] but found [false]">
      <![CDATA[java.lang.AssertionError: expected [true] but found [false]
at ZippoTest.extractingJsonPathResponsAll(ZippoTest.java:379)
at java.util.ArrayList.forEach(ArrayList.java:1259)
... Removed 41 stack frames]]>
    </failure>
  </testcase> <!-- extractingJsonPathResponsAll -->
  <testcase name="pathParamTest" time="0.195" classname="ZippoTest"/>
  <testcase name="queryParamTest" time="0.267" classname="ZippoTest"/>
  <testcase name="queryParamTest2" time="2.83" classname="ZippoTest"/>
  <testcase name="requestResponseSpecification" time="0.257" classname="ZippoTest"/>
  <testcase name="statusCodeTest" time="0.182" classname="ZippoTest"/>
  <testcase name="test" time="0.0" classname="ZippoTest"/>
</testsuite> <!-- Command line test -->
