<?xml version="1.0" encoding="UTF-8"?>
<!-- Generated by org.testng.reporters.JUnitReportReporter -->
<testsuite skipped="0" hostname="DESKTOP-49UG9O8" name="ZippoTest" tests="20" failures="1" timestamp="2023-05-01T20:22:34 EET" time="7.234" errors="0">
  <testcase name="bodyArrayHasSizeTest" time="0.267" classname="ZippoTest"/>
  <system-out/>
  <testcase name="extractingJsonPath2" time="0.399" classname="ZippoTest"/>
  <system-out/>
  <testcase name="extractingJsonPath4" time="0.285" classname="ZippoTest"/>
  <system-out/>
  <testcase name="queryParamTest" time="0.267" classname="ZippoTest"/>
  <system-out/>
  <testcase name="requestResponseSpecification" time="0.257" classname="ZippoTest"/>
  <system-out/>
  <testcase name="contentTypeTest" time="0.202" classname="ZippoTest"/>
  <system-out/>
  <testcase name="statusCodeTest" time="0.182" classname="ZippoTest"/>
  <system-out/>
  <testcase name="extractJsonAll_POJO" time="0.260" classname="ZippoTest"/>
  <system-out/>
  <testcase name="extractingJsonPath1" time="0.198" classname="ZippoTest"/>
  <system-out/>
  <testcase name="checkCountryInResponseBody" time="0.207" classname="ZippoTest"/>
  <system-out/>
  <testcase name="extractingJsonPath" time="0.198" classname="ZippoTest"/>
  <system-out/>
  <testcase name="test" time="0.000" classname="ZippoTest"/>
  <system-out/>
  <testcase name="extractingJsonPathResponsAll" time="0.283" classname="ZippoTest">
    <failure type="java.lang.AssertionError" message="expected [true] but found [false]">
      <![CDATA[java.lang.AssertionError: expected [true] but found [false]
at org.testng.Assert.fail(Assert.java:99)
at org.testng.Assert.failNotEquals(Assert.java:1037)
at org.testng.Assert.assertTrue(Assert.java:45)
at org.testng.Assert.assertTrue(Assert.java:55)
at ZippoTest.extractingJsonPathResponsAll(ZippoTest.java:379)
at sun.reflect.NativeMethodAccessorImpl.invoke0(Native Method)
at sun.reflect.NativeMethodAccessorImpl.invoke(NativeMethodAccessorImpl.java:62)
at sun.reflect.DelegatingMethodAccessorImpl.invoke(DelegatingMethodAccessorImpl.java:43)
at java.lang.reflect.Method.invoke(Method.java:498)
at org.testng.internal.MethodInvocationHelper.invokeMethod(MethodInvocationHelper.java:133)
at org.testng.internal.TestInvoker.invokeMethod(TestInvoker.java:598)
at org.testng.internal.TestInvoker.invokeTestMethod(TestInvoker.java:173)
at org.testng.internal.MethodRunner.runInSequence(MethodRunner.java:46)
at org.testng.internal.TestInvoker$MethodInvocationAgent.invoke(TestInvoker.java:824)
at org.testng.internal.TestInvoker.invokeTestMethods(TestInvoker.java:146)
at org.testng.internal.TestMethodWorker.invokeTestMethods(TestMethodWorker.java:146)
at org.testng.internal.TestMethodWorker.run(TestMethodWorker.java:128)
at java.util.ArrayList.forEach(ArrayList.java:1259)
at org.testng.TestRunner.privateRun(TestRunner.java:794)
at org.testng.TestRunner.run(TestRunner.java:596)
at org.testng.SuiteRunner.runTest(SuiteRunner.java:377)
at org.testng.SuiteRunner.runSequentially(SuiteRunner.java:371)
at org.testng.SuiteRunner.privateRun(SuiteRunner.java:332)
at org.testng.SuiteRunner.run(SuiteRunner.java:276)
at org.testng.SuiteRunnerWorker.runSuite(SuiteRunnerWorker.java:53)
at org.testng.SuiteRunnerWorker.run(SuiteRunnerWorker.java:96)
at org.testng.TestNG.runSuitesSequentially(TestNG.java:1212)
at org.testng.TestNG.runSuitesLocally(TestNG.java:1134)
at org.testng.TestNG.runSuites(TestNG.java:1063)
at org.testng.TestNG.run(TestNG.java:1031)
at org.apache.maven.surefire.testng.TestNGExecutor.run(TestNGExecutor.java:77)
at org.apache.maven.surefire.testng.TestNGDirectoryTestSuite.executeMulti(TestNGDirectoryTestSuite.java:159)
at org.apache.maven.surefire.testng.TestNGDirectoryTestSuite.execute(TestNGDirectoryTestSuite.java:99)
at org.apache.maven.surefire.testng.TestNGProvider.invoke(TestNGProvider.java:106)
at sun.reflect.NativeMethodAccessorImpl.invoke0(Native Method)
at sun.reflect.NativeMethodAccessorImpl.invoke(NativeMethodAccessorImpl.java:62)
at sun.reflect.DelegatingMethodAccessorImpl.invoke(DelegatingMethodAccessorImpl.java:43)
at java.lang.reflect.Method.invoke(Method.java:498)
at org.apache.maven.surefire.util.ReflectionUtils.invokeMethodWithArray(ReflectionUtils.java:189)
at org.apache.maven.surefire.booter.ProviderFactory$ProviderProxy.invoke(ProviderFactory.java:165)
at org.apache.maven.surefire.booter.ProviderFactory.invokeProvider(ProviderFactory.java:85)
at org.apache.maven.surefire.booter.ForkedBooter.runSuitesInProcess(ForkedBooter.java:115)
at org.apache.maven.surefire.booter.ForkedBooter.main(ForkedBooter.java:75)
]]>
    </failure>
  </testcase> <!-- extractingJsonPathResponsAll -->
  <system-out/>
  <testcase name="combiningTest" time="0.224" classname="ZippoTest"/>
  <system-out/>
  <testcase name="checkHasItemy" time="0.232" classname="ZippoTest"/>
  <system-out/>
  <testcase name="queryParamTest2" time="2.830" classname="ZippoTest"/>
  <system-out/>
  <testcase name="checkStateInResponseBody" time="0.242" classname="ZippoTest"/>
  <system-out/>
  <testcase name="extractPOJO_Soru" time="0.208" classname="ZippoTest"/>
  <system-out/>
  <testcase name="extractingJsonPath3" time="0.298" classname="ZippoTest"/>
  <system-out/>
  <testcase name="pathParamTest" time="0.195" classname="ZippoTest"/>
  <system-out/>
</testsuite> <!-- ZippoTest -->
